TN:
SF:src/Applications/security/PasswordHash.js
FN:2,(anonymous_0)
FNF:1
FNH:1
FNDA:1,(anonymous_0)
DA:3,1
DA:7,5
LF:2
LH:2
BRF:0
BRH:0
end_of_record
TN:
SF:src/Applications/security/PasswordVerify.js
FN:2,(anonymous_0)
FNF:1
FNH:1
FNDA:1,(anonymous_0)
DA:3,1
DA:7,3
LF:2
LH:2
BRF:0
BRH:0
end_of_record
TN:
SF:src/Applications/use_case/AddUserUseCase.js
FN:4,(anonymous_0)
FN:9,(anonymous_1)
FNF:2
FNH:2
FNDA:2,(anonymous_0)
FNDA:7,(anonymous_1)
DA:1,2
DA:5,2
DA:6,2
DA:10,7
DA:11,3
DA:12,2
DA:15,2
DA:19,2
LF:8
LH:8
BRF:0
BRH:0
end_of_record
TN:
SF:src/Applications/use_case/FindUserUseCase.js
FN:4,(anonymous_0)
FN:9,(anonymous_1)
FNF:2
FNH:2
FNDA:1,(anonymous_0)
FNDA:1,(anonymous_1)
DA:1,2
DA:5,1
DA:6,1
DA:10,1
DA:11,1
DA:12,1
DA:13,1
DA:17,2
LF:8
LH:8
BRF:0
BRH:0
end_of_record
TN:
SF:src/Commons/exceptions/AuthenticationError.js
FN:4,(anonymous_0)
FNF:1
FNH:1
FNDA:1,(anonymous_0)
DA:1,1
DA:5,1
DA:6,1
DA:10,1
LF:4
LH:4
BRF:0
BRH:0
end_of_record
TN:
SF:src/Commons/exceptions/ClientError.js
FN:2,(anonymous_0)
FNF:1
FNH:1
FNDA:19,(anonymous_0)
DA:3,19
DA:5,19
DA:6,1
DA:9,18
DA:10,18
DA:14,7
LF:6
LH:6
BRDA:2,0,0,17
BRDA:5,1,0,1
BRDA:5,1,1,18
BRF:3
BRH:3
end_of_record
TN:
SF:src/Commons/exceptions/DomainErrorTranslator.js
FN:4,(anonymous_0)
FNF:1
FNH:1
FNDA:13,(anonymous_0)
DA:1,2
DA:3,2
DA:5,13
DA:9,2
DA:24,2
LF:5
LH:5
BRDA:5,0,0,13
BRDA:5,0,1,5
BRF:2
BRH:2
end_of_record
TN:
SF:src/Commons/exceptions/InvariantError.js
FN:4,(anonymous_0)
FNF:1
FNH:1
FNDA:16,(anonymous_0)
DA:1,4
DA:5,16
DA:6,16
DA:10,4
LF:4
LH:4
BRF:0
BRH:0
end_of_record
TN:
SF:src/Commons/exceptions/NotFoundError.js
FN:4,(anonymous_0)
FNF:1
FNH:1
FNDA:1,(anonymous_0)
DA:1,1
DA:5,1
DA:6,1
DA:10,1
LF:4
LH:4
BRF:0
BRH:0
end_of_record
TN:
SF:src/Domains/users/UserRepository.js
FN:2,(anonymous_0)
FN:6,(anonymous_1)
FN:10,(anonymous_2)
FNF:3
FNH:3
FNDA:1,(anonymous_0)
FNDA:1,(anonymous_1)
FNDA:1,(anonymous_2)
DA:3,1
DA:7,1
DA:11,1
DA:15,5
LF:4
LH:4
BRF:0
BRH:0
end_of_record
TN:
SF:src/Domains/users/entities/LoginUser.js
FN:2,(anonymous_0)
FN:11,(anonymous_1)
FNF:2
FNH:2
FNDA:9,(anonymous_0)
FNDA:9,(anonymous_1)
DA:3,9
DA:5,5
DA:7,5
DA:8,5
DA:12,9
DA:13,1
DA:16,8
DA:17,1
DA:20,7
DA:21,1
DA:24,6
DA:25,1
DA:30,3
LF:13
LH:13
BRDA:12,0,0,1
BRDA:12,0,1,8
BRDA:12,1,0,9
BRDA:12,1,1,9
BRDA:16,2,0,1
BRDA:16,2,1,7
BRDA:16,3,0,8
BRDA:16,3,1,7
BRDA:20,4,0,1
BRDA:20,4,1,6
BRDA:24,5,0,1
BRDA:24,5,1,5
BRF:12
BRH:12
end_of_record
TN:
SF:src/Domains/users/entities/RegisterUser.js
FN:5,(anonymous_0)
FN:15,(anonymous_1)
FNF:2
FNH:2
FNDA:16,(anonymous_0)
FNDA:16,(anonymous_1)
DA:6,16
DA:8,8
DA:10,8
DA:11,8
DA:12,8
DA:16,16
DA:17,2
DA:20,14
DA:25,2
DA:28,12
DA:29,2
DA:32,10
DA:33,2
DA:38,4
LF:14
LH:14
BRDA:16,0,0,2
BRDA:16,0,1,14
BRDA:16,1,0,16
BRDA:16,1,1,15
BRDA:16,1,2,15
BRDA:20,2,0,2
BRDA:20,2,1,12
BRDA:21,3,0,14
BRDA:21,3,1,13
BRDA:21,3,2,13
BRDA:28,4,0,2
BRDA:28,4,1,10
BRDA:32,5,0,2
BRDA:32,5,1,8
BRF:14
BRH:14
end_of_record
TN:
SF:src/Domains/users/entities/RegisteredUser.js
FN:2,(anonymous_0)
FN:12,(anonymous_1)
FNF:2
FNH:2
FNDA:10,(anonymous_0)
FNDA:10,(anonymous_1)
DA:3,10
DA:5,8
DA:7,8
DA:8,8
DA:9,8
DA:13,10
DA:14,1
DA:17,9
DA:22,1
DA:27,4
LF:10
LH:10
BRDA:13,0,0,1
BRDA:13,0,1,9
BRDA:13,1,0,10
BRDA:13,1,1,9
BRDA:13,1,2,9
BRDA:17,2,0,1
BRDA:17,2,1,8
BRDA:18,3,0,9
BRDA:18,3,1,8
BRDA:18,3,2,8
BRF:10
BRH:10
end_of_record
TN:
SF:src/Infrastructures/http/createServer.js
FN:6,(anonymous_0)
FN:19,(anonymous_1)
FNF:2
FNH:2
FNDA:9,(anonymous_0)
FNDA:9,(anonymous_1)
DA:1,1
DA:2,1
DA:3,1
DA:4,1
DA:6,1
DA:7,9
DA:12,9
DA:19,9
DA:21,9
DA:22,9
DA:23,9
DA:25,8
DA:27,8
DA:28,5
DA:32,5
DA:33,5
DA:36,3
DA:37,1
DA:40,2
DA:44,2
DA:45,2
DA:48,1
DA:51,9
DA:54,1
LF:24
LH:24
BRDA:23,0,0,8
BRDA:23,0,1,1
BRDA:27,1,0,5
BRDA:27,1,1,3
BRDA:36,2,0,1
BRDA:36,2,1,2
BRF:6
BRH:6
end_of_record
TN:
SF:src/Infrastructures/repository/UserRepositoryPostgres.js
FN:6,(anonymous_0)
FN:12,(anonymous_1)
FN:25,(anonymous_2)
FN:39,(anonymous_3)
FNF:4
FNH:4
FNDA:7,(anonymous_0)
FNDA:4,(anonymous_1)
FNDA:4,(anonymous_2)
FNDA:2,(anonymous_3)
DA:1,2
DA:2,2
DA:3,2
DA:7,7
DA:8,7
DA:9,7
DA:13,4
DA:18,4
DA:20,4
DA:21,2
DA:26,4
DA:27,4
DA:29,4
DA:34,4
DA:36,4
DA:40,2
DA:45,2
DA:47,2
DA:48,1
DA:51,1
DA:55,2
LF:21
LH:21
BRDA:20,0,0,2
BRDA:20,0,1,2
BRDA:47,1,0,1
BRDA:47,1,1,1
BRF:4
BRH:4
end_of_record
TN:
SF:src/Infrastructures/security/BcryptPasswordHash.js
FN:4,(anonymous_0)
FN:10,(anonymous_1)
FNF:2
FNH:2
FNDA:2,(anonymous_0)
FNDA:2,(anonymous_1)
DA:1,2
DA:5,2
DA:6,2
DA:7,2
DA:11,2
DA:15,2
LF:6
LH:6
BRDA:4,0,0,2
BRF:1
BRH:1
end_of_record
TN:
SF:src/Infrastructures/security/BcryptPasswordVerify.js
FN:4,(anonymous_0)
FN:9,(anonymous_1)
FNF:2
FNH:2
FNDA:2,(anonymous_0)
FNDA:2,(anonymous_1)
DA:1,2
DA:5,2
DA:6,2
DA:10,2
DA:14,2
LF:5
LH:5
BRF:0
BRH:0
end_of_record
TN:
SF:src/Interfaces/http/api/users/handler.js
FN:5,(anonymous_0)
FN:11,(anonymous_1)
FN:24,(anonymous_2)
FNF:3
FNH:3
FNDA:9,(anonymous_0)
FNDA:7,(anonymous_1)
FNDA:1,(anonymous_2)
DA:1,1
DA:2,1
DA:6,9
DA:8,9
DA:12,7
DA:13,6
DA:14,1
DA:20,1
DA:21,1
DA:25,1
DA:26,0
DA:27,0
DA:33,0
DA:34,0
DA:38,1
LF:15
LH:11
BRF:0
BRH:0
end_of_record
TN:
SF:src/Interfaces/http/api/users/index.js
FN:6,(anonymous_0)
FNF:1
FNH:1
FNDA:9,(anonymous_0)
DA:1,1
DA:2,1
DA:4,1
DA:7,9
DA:8,9
LF:5
LH:5
BRF:0
BRH:0
end_of_record
TN:
SF:src/Interfaces/http/api/users/routes.js
FN:1,(anonymous_0)
FNF:1
FNH:1
FNDA:9,(anonymous_0)
DA:1,9
DA:14,1
LF:2
LH:2
BRF:0
BRH:0
end_of_record
